{"/home/travis/build/npmtest/node-npmtest-clipboard-js/test.js":{"path":"/home/travis/build/npmtest/node-npmtest-clipboard-js/test.js","s":{"1":2,"2":2,"3":2,"4":2,"5":2,"6":2,"7":2,"8":1,"9":2,"10":2,"11":1,"12":1,"13":1,"14":1,"15":2,"16":2,"17":2,"18":2,"19":1,"20":1,"21":2,"22":2,"23":2,"24":1,"25":1,"26":1,"27":1,"28":1,"29":1,"30":1,"31":1,"32":1,"33":1,"34":1,"35":1,"36":1,"37":1,"38":1,"39":2,"40":2,"41":1,"42":2,"43":2,"44":1,"45":2,"46":2,"47":1,"48":2,"49":2,"50":1,"51":1,"52":1,"53":1,"54":1},"b":{"1":[2,1,1,1],"2":[1,1,1,1],"3":[1,1],"4":[1,1],"5":[1,1],"6":[1,1],"7":[1,1],"8":[1,1],"9":[1,1],"10":[1,1,1],"11":[1,1],"12":[1,1],"13":[1,1],"14":[1,1],"15":[1,1],"16":[1,1],"17":[1,1]},"f":{"1":2,"2":2,"3":2,"4":2,"5":2,"6":1,"7":1,"8":1,"9":2,"10":2,"11":2,"12":2,"13":1},"fnMap":{"1":{"name":"(anonymous_1)","line":12,"loc":{"start":{"line":12,"column":1},"end":{"line":12,"column":13}}},"2":{"name":"(anonymous_2)","line":19,"loc":{"start":{"line":19,"column":5},"end":{"line":19,"column":17}}},"3":{"name":"(anonymous_3)","line":23,"loc":{"start":{"line":23,"column":24},"end":{"line":23,"column":36}}},"4":{"name":"(anonymous_4)","line":61,"loc":{"start":{"line":61,"column":5},"end":{"line":61,"column":17}}},"5":{"name":"(anonymous_5)","line":82,"loc":{"start":{"line":82,"column":5},"end":{"line":82,"column":17}}},"6":{"name":"(anonymous_6)","line":91,"loc":{"start":{"line":91,"column":77},"end":{"line":94,"column":10}}},"7":{"name":"(anonymous_7)","line":112,"loc":{"start":{"line":112,"column":83},"end":{"line":115,"column":10}},"skip":true},"8":{"name":"(anonymous_8)","line":123,"loc":{"start":{"line":123,"column":77},"end":{"line":126,"column":10}},"skip":true},"9":{"name":"(anonymous_9)","line":139,"loc":{"start":{"line":139,"column":12},"end":{"line":139,"column":40}},"skip":true},"10":{"name":"(anonymous_10)","line":147,"loc":{"start":{"line":147,"column":77},"end":{"line":150,"column":10}},"skip":true},"11":{"name":"(anonymous_11)","line":158,"loc":{"start":{"line":158,"column":83},"end":{"line":161,"column":10}},"skip":true},"12":{"name":"(anonymous_12)","line":169,"loc":{"start":{"line":169,"column":79},"end":{"line":172,"column":10}},"skip":true},"13":{"name":"(anonymous_13)","line":180,"loc":{"start":{"line":180,"column":75},"end":{"line":183,"column":10}},"skip":true}},"statementMap":{"1":{"start":{"line":12,"column":0},"end":{"line":195,"column":5}},"2":{"start":{"line":14,"column":4},"end":{"line":14,"column":14}},"3":{"start":{"line":19,"column":4},"end":{"line":56,"column":9}},"4":{"start":{"line":21,"column":8},"end":{"line":21,"column":19}},"5":{"start":{"line":23,"column":8},"end":{"line":35,"column":13}},"6":{"start":{"line":24,"column":12},"end":{"line":34,"column":13}},"7":{"start":{"line":25,"column":16},"end":{"line":28,"column":30}},"8":{"start":{"line":30,"column":16},"end":{"line":33,"column":27}},"9":{"start":{"line":37,"column":8},"end":{"line":39,"column":21}},"10":{"start":{"line":40,"column":8},"end":{"line":53,"column":9}},"11":{"start":{"line":43,"column":12},"end":{"line":46,"column":14}},"12":{"start":{"line":47,"column":12},"end":{"line":47,"column":18}},"13":{"start":{"line":50,"column":12},"end":{"line":51,"column":46}},"14":{"start":{"line":52,"column":12},"end":{"line":52,"column":18}},"15":{"start":{"line":55,"column":8},"end":{"line":55,"column":35}},"16":{"start":{"line":61,"column":4},"end":{"line":63,"column":9}},"17":{"start":{"line":62,"column":8},"end":{"line":62,"column":15}},"18":{"start":{"line":64,"column":4},"end":{"line":77,"column":5}},"19":{"start":{"line":70,"column":8},"end":{"line":70,"column":14}},"20":{"start":{"line":76,"column":8},"end":{"line":76,"column":14}},"21":{"start":{"line":82,"column":4},"end":{"line":84,"column":9}},"22":{"start":{"line":83,"column":8},"end":{"line":83,"column":15}},"23":{"start":{"line":85,"column":4},"end":{"line":194,"column":5}},"24":{"start":{"line":91,"column":8},"end":{"line":99,"column":10}},"25":{"start":{"line":98,"column":12},"end":{"line":98,"column":35}},"26":{"start":{"line":102,"column":8},"end":{"line":104,"column":63}},"27":{"start":{"line":105,"column":8},"end":{"line":105,"column":14}},"28":{"start":{"line":112,"column":8},"end":{"line":121,"column":10},"skip":true},"29":{"start":{"line":119,"column":12},"end":{"line":119,"column":55},"skip":true},"30":{"start":{"line":120,"column":12},"end":{"line":120,"column":48},"skip":true},"31":{"start":{"line":123,"column":8},"end":{"line":136,"column":10},"skip":true},"32":{"start":{"line":130,"column":12},"end":{"line":130,"column":76},"skip":true},"33":{"start":{"line":131,"column":12},"end":{"line":131,"column":73},"skip":true},"34":{"start":{"line":132,"column":12},"end":{"line":132,"column":74},"skip":true},"35":{"start":{"line":133,"column":12},"end":{"line":133,"column":79},"skip":true},"36":{"start":{"line":134,"column":12},"end":{"line":134,"column":25},"skip":true},"37":{"start":{"line":135,"column":12},"end":{"line":135,"column":45},"skip":true},"38":{"start":{"line":138,"column":8},"end":{"line":145,"column":14},"skip":true},"39":{"start":{"line":143,"column":16},"end":{"line":143,"column":29},"skip":true},"40":{"start":{"line":144,"column":16},"end":{"line":144,"column":55},"skip":true},"41":{"start":{"line":147,"column":8},"end":{"line":156,"column":10},"skip":true},"42":{"start":{"line":154,"column":12},"end":{"line":154,"column":25},"skip":true},"43":{"start":{"line":155,"column":12},"end":{"line":155,"column":45},"skip":true},"44":{"start":{"line":158,"column":8},"end":{"line":167,"column":10},"skip":true},"45":{"start":{"line":165,"column":12},"end":{"line":165,"column":25},"skip":true},"46":{"start":{"line":166,"column":12},"end":{"line":166,"column":48},"skip":true},"47":{"start":{"line":169,"column":8},"end":{"line":178,"column":10},"skip":true},"48":{"start":{"line":176,"column":12},"end":{"line":176,"column":25},"skip":true},"49":{"start":{"line":177,"column":12},"end":{"line":177,"column":46},"skip":true},"50":{"start":{"line":180,"column":8},"end":{"line":189,"column":10},"skip":true},"51":{"start":{"line":187,"column":12},"end":{"line":187,"column":94},"skip":true},"52":{"start":{"line":188,"column":12},"end":{"line":188,"column":48},"skip":true},"53":{"start":{"line":192,"column":8},"end":{"line":192,"column":35},"skip":true},"54":{"start":{"line":193,"column":8},"end":{"line":193,"column":14},"skip":true}},"branchMap":{"1":{"line":25,"type":"binary-expr","locations":[{"start":{"line":25,"column":23},"end":{"line":25,"column":62}},{"start":{"line":26,"column":20},"end":{"line":26,"column":70}},{"start":{"line":27,"column":20},"end":{"line":27,"column":71}},{"start":{"line":28,"column":20},"end":{"line":28,"column":29}}]},"2":{"line":30,"type":"binary-expr","locations":[{"start":{"line":30,"column":23},"end":{"line":30,"column":37}},{"start":{"line":31,"column":20},"end":{"line":31,"column":61}},{"start":{"line":32,"column":20},"end":{"line":32,"column":70}},{"start":{"line":33,"column":20},"end":{"line":33,"column":26}}]},"3":{"line":37,"type":"cond-expr","locations":[{"start":{"line":38,"column":14},"end":{"line":38,"column":20}},{"start":{"line":39,"column":14},"end":{"line":39,"column":20}}]},"4":{"line":40,"type":"switch","locations":[{"start":{"line":42,"column":8},"end":{"line":47,"column":18}},{"start":{"line":49,"column":8},"end":{"line":52,"column":18}}]},"5":{"line":44,"type":"binary-expr","locations":[{"start":{"line":44,"column":16},"end":{"line":44,"column":44}},{"start":{"line":44,"column":48},"end":{"line":44,"column":66}}]},"6":{"line":50,"type":"binary-expr","locations":[{"start":{"line":50,"column":21},"end":{"line":50,"column":49}},{"start":{"line":50,"column":53},"end":{"line":50,"column":72}}]},"7":{"line":64,"type":"switch","locations":[{"start":{"line":69,"column":4},"end":{"line":70,"column":14}},{"start":{"line":75,"column":4},"end":{"line":76,"column":14}}]},"8":{"line":85,"type":"switch","locations":[{"start":{"line":90,"column":4},"end":{"line":105,"column":14}},{"start":{"line":111,"column":4},"end":{"line":193,"column":14},"skip":true}]},"9":{"line":91,"type":"binary-expr","locations":[{"start":{"line":91,"column":42},"end":{"line":91,"column":73}},{"start":{"line":91,"column":77},"end":{"line":99,"column":9}}]},"10":{"line":102,"type":"binary-expr","locations":[{"start":{"line":102,"column":18},"end":{"line":102,"column":32}},{"start":{"line":103,"column":12},"end":{"line":103,"column":53}},{"start":{"line":104,"column":12},"end":{"line":104,"column":61}}]},"11":{"line":112,"type":"binary-expr","locations":[{"start":{"line":112,"column":45},"end":{"line":112,"column":79},"skip":true},{"start":{"line":112,"column":83},"end":{"line":121,"column":9},"skip":true}]},"12":{"line":123,"type":"binary-expr","locations":[{"start":{"line":123,"column":42},"end":{"line":123,"column":73},"skip":true},{"start":{"line":123,"column":77},"end":{"line":136,"column":9},"skip":true}]},"13":{"line":138,"type":"binary-expr","locations":[{"start":{"line":138,"column":48},"end":{"line":138,"column":85},"skip":true},{"start":{"line":139,"column":12},"end":{"line":145,"column":13},"skip":true}]},"14":{"line":147,"type":"binary-expr","locations":[{"start":{"line":147,"column":42},"end":{"line":147,"column":73},"skip":true},{"start":{"line":147,"column":77},"end":{"line":156,"column":9},"skip":true}]},"15":{"line":158,"type":"binary-expr","locations":[{"start":{"line":158,"column":45},"end":{"line":158,"column":79},"skip":true},{"start":{"line":158,"column":83},"end":{"line":167,"column":9},"skip":true}]},"16":{"line":169,"type":"binary-expr","locations":[{"start":{"line":169,"column":43},"end":{"line":169,"column":75},"skip":true},{"start":{"line":169,"column":79},"end":{"line":178,"column":9},"skip":true}]},"17":{"line":180,"type":"binary-expr","locations":[{"start":{"line":180,"column":41},"end":{"line":180,"column":71},"skip":true},{"start":{"line":180,"column":75},"end":{"line":189,"column":9},"skip":true}]}},"code":["/* istanbul instrument in package npmtest_clipboard_js */","/*jslint","    bitwise: true,","    browser: true,","    maxerr: 8,","    maxlen: 96,","    node: true,","    nomen: true,","    regexp: true,","    stupid: true","*/","(function () {","    'use strict';","    var local;","","","","    // run shared js-env code - pre-init","    (function () {","        // init local","        local = {};","        // init modeJs","        local.modeJs = (function () {","            try {","                return typeof navigator.userAgent === 'string' &&","                    typeof document.querySelector('body') === 'object' &&","                    typeof XMLHttpRequest.prototype.open === 'function' &&","                    'browser';","            } catch (errorCaughtBrowser) {","                return module.exports &&","                    typeof process.versions.node === 'string' &&","                    typeof require('http').createServer === 'function' &&","                    'node';","            }","        }());","        // init global","        local.global = local.modeJs === 'browser'","            ? window","            : global;","        switch (local.modeJs) {","        // re-init local from window.local","        case 'browser':","            local = local.global.utility2.objectSetDefault(","                local.global.utility2_rollup || local.global.local,","                local.global.utility2","            );","            break;","        // re-init local from example.js","        case 'node':","            local = (local.global.utility2_rollup || require('utility2'))","                .requireExampleJsFromReadme();","            break;","        }","        // export local","        local.global.local = local;","    }());","","","","    // run shared js-env code - function","    (function () {","        return;","    }());","    switch (local.modeJs) {","","","","    // run browser js-env code - function","    case 'browser':","        break;","","","","    // run node js-env code - function","    case 'node':","        break;","    }","","","","    // run shared js-env code - post-init","    (function () {","        return;","    }());","    switch (local.modeJs) {","","","","    // run browser js-env code - post-init","    case 'browser':","        local.testCase_browser_nullCase = local.testCase_browser_nullCase || function (","            options,","            onError","        ) {","        /*","         * this function will test browsers's null-case handling-behavior-behavior","         */","            onError(null, options);","        };","","        // run tests","        local.nop(local.modeTest &&","            document.querySelector('#testRunButton1') &&","            document.querySelector('#testRunButton1').click());","        break;","","","","    // run node js-env code - post-init","    /* istanbul ignore next */","    case 'node':","        local.testCase_buildApidoc_default = local.testCase_buildApidoc_default || function (","            options,","            onError","        ) {","        /*","         * this function will test buildApidoc's default handling-behavior-behavior","         */","            options = { modulePathList: module.paths };","            local.buildApidoc(options, onError);","        };","","        local.testCase_buildApp_default = local.testCase_buildApp_default || function (","            options,","            onError","        ) {","        /*","         * this function will test buildApp's default handling-behavior-behavior","         */","            local.testCase_buildReadme_default(options, local.onErrorThrow);","            local.testCase_buildLib_default(options, local.onErrorThrow);","            local.testCase_buildTest_default(options, local.onErrorThrow);","            local.testCase_buildCustomOrg_default(options, local.onErrorThrow);","            options = [];","            local.buildApp(options, onError);","        };","","        local.testCase_buildCustomOrg_default = local.testCase_buildCustomOrg_default ||","            function (options, onError) {","            /*","             * this function will test buildCustomOrg's default handling-behavior","             */","                options = {};","                local.buildCustomOrg(options, onError);","            };","","        local.testCase_buildLib_default = local.testCase_buildLib_default || function (","            options,","            onError","        ) {","        /*","         * this function will test buildLib's default handling-behavior","         */","            options = {};","            local.buildLib(options, onError);","        };","","        local.testCase_buildReadme_default = local.testCase_buildReadme_default || function (","            options,","            onError","        ) {","        /*","         * this function will test buildReadme's default handling-behavior-behavior","         */","            options = {};","            local.buildReadme(options, onError);","        };","","        local.testCase_buildTest_default = local.testCase_buildTest_default || function (","            options,","            onError","        ) {","        /*","         * this function will test buildTest's default handling-behavior","         */","            options = {};","            local.buildTest(options, onError);","        };","","        local.testCase_webpage_default = local.testCase_webpage_default || function (","            options,","            onError","        ) {","        /*","         * this function will test webpage's default handling-behavior","         */","            options = { modeCoverageMerge: true, url: local.serverLocalHost + '?modeTest=1' };","            local.browserTest(options, onError);","        };","","        // run test-server","        local.testRunServer(local);","        break;","    }","}());",""],"l":{"12":2,"14":2,"19":2,"21":2,"23":2,"24":2,"25":2,"30":1,"37":2,"40":2,"43":1,"47":1,"50":1,"52":1,"55":2,"61":2,"62":2,"64":2,"70":1,"76":1,"82":2,"83":2,"85":2,"91":1,"98":1,"102":1,"105":1,"112":1,"119":1,"120":1,"123":1,"130":1,"131":1,"132":1,"133":1,"134":1,"135":1,"138":1,"143":2,"144":2,"147":1,"154":2,"155":2,"158":1,"165":2,"166":2,"169":1,"176":2,"177":2,"180":1,"187":1,"188":1,"192":1,"193":1}},"/home/travis/build/npmtest/node-npmtest-clipboard-js/lib.npmtest_clipboard_js.js":{"path":"/home/travis/build/npmtest/node-npmtest-clipboard-js/lib.npmtest_clipboard_js.js","s":{"1":2,"2":2,"3":2,"4":2,"5":2,"6":2,"7":2,"8":1,"9":2,"10":2,"11":2,"12":2,"13":1,"14":1,"15":1,"16":1},"b":{"1":[2,1,1,1],"2":[1,1,1,1],"3":[1,1],"4":[2,2],"5":[1,1]},"f":{"1":2,"2":2,"3":2},"fnMap":{"1":{"name":"(anonymous_1)","line":12,"loc":{"start":{"line":12,"column":1},"end":{"line":12,"column":13}}},"2":{"name":"(anonymous_2)","line":19,"loc":{"start":{"line":19,"column":5},"end":{"line":19,"column":17}}},"3":{"name":"(anonymous_3)","line":23,"loc":{"start":{"line":23,"column":24},"end":{"line":23,"column":36}}}},"statementMap":{"1":{"start":{"line":12,"column":0},"end":{"line":53,"column":5}},"2":{"start":{"line":14,"column":4},"end":{"line":14,"column":14}},"3":{"start":{"line":19,"column":4},"end":{"line":52,"column":9}},"4":{"start":{"line":21,"column":8},"end":{"line":21,"column":19}},"5":{"start":{"line":23,"column":8},"end":{"line":35,"column":13}},"6":{"start":{"line":24,"column":12},"end":{"line":34,"column":13}},"7":{"start":{"line":25,"column":16},"end":{"line":28,"column":30}},"8":{"start":{"line":30,"column":16},"end":{"line":33,"column":27}},"9":{"start":{"line":37,"column":8},"end":{"line":39,"column":21}},"10":{"start":{"line":41,"column":8},"end":{"line":41,"column":54}},"11":{"start":{"line":43,"column":8},"end":{"line":43,"column":57}},"12":{"start":{"line":45,"column":8},"end":{"line":51,"column":9}},"13":{"start":{"line":46,"column":12},"end":{"line":46,"column":63}},"14":{"start":{"line":48,"column":12},"end":{"line":48,"column":35}},"15":{"start":{"line":49,"column":12},"end":{"line":49,"column":49}},"16":{"start":{"line":50,"column":12},"end":{"line":50,"column":43}}},"branchMap":{"1":{"line":25,"type":"binary-expr","locations":[{"start":{"line":25,"column":23},"end":{"line":25,"column":62}},{"start":{"line":26,"column":20},"end":{"line":26,"column":70}},{"start":{"line":27,"column":20},"end":{"line":27,"column":71}},{"start":{"line":28,"column":20},"end":{"line":28,"column":29}}]},"2":{"line":30,"type":"binary-expr","locations":[{"start":{"line":30,"column":23},"end":{"line":30,"column":37}},{"start":{"line":31,"column":20},"end":{"line":31,"column":61}},{"start":{"line":32,"column":20},"end":{"line":32,"column":70}},{"start":{"line":33,"column":20},"end":{"line":33,"column":26}}]},"3":{"line":37,"type":"cond-expr","locations":[{"start":{"line":38,"column":14},"end":{"line":38,"column":20}},{"start":{"line":39,"column":14},"end":{"line":39,"column":20}}]},"4":{"line":41,"type":"binary-expr","locations":[{"start":{"line":41,"column":16},"end":{"line":41,"column":44}},{"start":{"line":41,"column":48},"end":{"line":41,"column":53}}]},"5":{"line":45,"type":"if","locations":[{"start":{"line":45,"column":8},"end":{"line":45,"column":8}},{"start":{"line":45,"column":8},"end":{"line":45,"column":8}}]}},"code":["/* istanbul instrument in package npmtest_clipboard_js */","/*jslint","    bitwise: true,","    browser: true,","    maxerr: 8,","    maxlen: 96,","    node: true,","    nomen: true,","    regexp: true,","    stupid: true","*/","(function () {","    'use strict';","    var local;","","","","    // run shared js-env code - pre-init","    (function () {","        // init local","        local = {};","        // init modeJs","        local.modeJs = (function () {","            try {","                return typeof navigator.userAgent === 'string' &&","                    typeof document.querySelector('body') === 'object' &&","                    typeof XMLHttpRequest.prototype.open === 'function' &&","                    'browser';","            } catch (errorCaughtBrowser) {","                return module.exports &&","                    typeof process.versions.node === 'string' &&","                    typeof require('http').createServer === 'function' &&","                    'node';","            }","        }());","        // init global","        local.global = local.modeJs === 'browser'","            ? window","            : global;","        // init utility2_rollup","        local = local.global.utility2_rollup || local;","        // init lib","        local.local = local.npmtest_clipboard_js = local;","        // init exports","        if (local.modeJs === 'browser') {","            local.global.utility2_npmtest_clipboard_js = local;","        } else {","            module.exports = local;","            module.exports.__dirname = __dirname;","            module.exports.module = module;","        }","    }());","}());",""],"l":{"12":2,"14":2,"19":2,"21":2,"23":2,"24":2,"25":2,"30":1,"37":2,"41":2,"43":2,"45":2,"46":1,"48":1,"49":1,"50":1}},"/home/travis/build/npmtest/node-npmtest-clipboard-js/example.js":{"path":"/home/travis/build/npmtest/node-npmtest-clipboard-js/example.js","s":{"1":2,"2":2,"3":2,"4":2,"5":2,"6":2,"7":2,"8":1,"9":2,"10":2,"11":2,"12":2,"13":1,"14":2,"15":2,"16":2,"17":2,"18":2,"19":0,"20":2,"21":1,"22":1,"23":1,"24":1,"25":1,"26":0,"27":0,"28":1,"29":1,"30":2,"31":0,"32":0,"33":0,"34":1,"35":2,"36":2,"37":3,"38":3,"39":3,"40":3,"41":0,"42":3,"43":3,"44":3,"45":1,"46":3,"47":1,"48":1,"49":1,"50":1,"51":1,"52":1,"53":1,"54":1,"55":1,"56":1,"57":0,"58":1,"59":6,"60":6,"61":1,"62":2,"63":0,"64":2,"65":1,"66":1,"67":0,"68":0,"69":0,"70":0,"71":0,"72":0,"73":0,"74":0,"75":0,"76":0,"77":0,"78":0,"79":0,"80":0,"81":0,"82":0,"83":0},"b":{"1":[2,1,1,1],"2":[1,1,1,1],"3":[1,1],"4":[2,2],"5":[1,1],"6":[1,1],"7":[2,0],"8":[2,1,1,1,1,1],"9":[0,2,0],"10":[1,1],"11":[2,1,1],"12":[1,0],"13":[0,2],"14":[2,0,0,0,0,0,0],"15":[0,3],"16":[3,0],"17":[1,1],"18":[0,1],"19":[1,2,0,2],"20":[1,0],"21":[1,1],"22":[0,0],"23":[0,0],"24":[0,0],"25":[0,0],"26":[0,0],"27":[0,0],"28":[0,0]},"f":{"1":2,"2":2,"3":2,"4":2,"5":2,"6":2,"7":3,"8":3,"9":3,"10":1,"11":6,"12":0},"fnMap":{"1":{"name":"(anonymous_1)","line":26,"loc":{"start":{"line":26,"column":1},"end":{"line":26,"column":13}}},"2":{"name":"(anonymous_2)","line":33,"loc":{"start":{"line":33,"column":5},"end":{"line":33,"column":17}}},"3":{"name":"(anonymous_3)","line":37,"loc":{"start":{"line":37,"column":24},"end":{"line":37,"column":36}}},"4":{"name":"(anonymous_4)","line":69,"loc":{"start":{"line":69,"column":31},"end":{"line":69,"column":48}},"skip":true},"5":{"name":"(anonymous_5)","line":78,"loc":{"start":{"line":78,"column":26},"end":{"line":78,"column":45}},"skip":true},"6":{"name":"(anonymous_6)","line":123,"loc":{"start":{"line":123,"column":33},"end":{"line":123,"column":48}},"skip":true},"7":{"name":"(anonymous_7)","line":125,"loc":{"start":{"line":125,"column":27},"end":{"line":125,"column":39}},"skip":true},"8":{"name":"(anonymous_8)","line":133,"loc":{"start":{"line":133,"column":59},"end":{"line":133,"column":74}},"skip":true},"9":{"name":"(anonymous_9)","line":143,"loc":{"start":{"line":143,"column":45},"end":{"line":143,"column":62}},"skip":true},"10":{"name":"(anonymous_10)","line":144,"loc":{"start":{"line":144,"column":73},"end":{"line":144,"column":92}},"skip":true},"11":{"name":"(anonymous_11)","line":272,"loc":{"start":{"line":272,"column":51},"end":{"line":272,"column":77}},"skip":true},"12":{"name":"(anonymous_12)","line":315,"loc":{"start":{"line":315,"column":32},"end":{"line":315,"column":61}},"skip":true}},"statementMap":{"1":{"start":{"line":26,"column":0},"end":{"line":326,"column":5}},"2":{"start":{"line":28,"column":4},"end":{"line":28,"column":14}},"3":{"start":{"line":33,"column":4},"end":{"line":60,"column":9}},"4":{"start":{"line":35,"column":8},"end":{"line":35,"column":19}},"5":{"start":{"line":37,"column":8},"end":{"line":49,"column":13}},"6":{"start":{"line":38,"column":12},"end":{"line":48,"column":13}},"7":{"start":{"line":39,"column":16},"end":{"line":42,"column":30}},"8":{"start":{"line":44,"column":16},"end":{"line":47,"column":27}},"9":{"start":{"line":51,"column":8},"end":{"line":53,"column":21}},"10":{"start":{"line":55,"column":8},"end":{"line":57,"column":45}},"11":{"start":{"line":59,"column":8},"end":{"line":59,"column":35}},"12":{"start":{"line":61,"column":4},"end":{"line":325,"column":5}},"13":{"start":{"line":69,"column":8},"end":{"line":121,"column":10},"skip":true},"14":{"start":{"line":70,"column":12},"end":{"line":88,"column":13},"skip":true},"15":{"start":{"line":76,"column":16},"end":{"line":87,"column":19},"skip":true},"16":{"start":{"line":79,"column":20},"end":{"line":86,"column":21},"skip":true},"17":{"start":{"line":82,"column":24},"end":{"line":82,"column":43},"skip":true},"18":{"start":{"line":83,"column":24},"end":{"line":83,"column":30},"skip":true},"19":{"start":{"line":85,"column":24},"end":{"line":85,"column":49},"skip":true},"20":{"start":{"line":89,"column":12},"end":{"line":107,"column":13},"skip":true},"21":{"start":{"line":92,"column":16},"end":{"line":102,"column":17},"skip":true},"22":{"start":{"line":93,"column":20},"end":{"line":93,"column":86},"skip":true},"23":{"start":{"line":94,"column":20},"end":{"line":95,"column":45},"skip":true},"24":{"start":{"line":96,"column":20},"end":{"line":96,"column":42},"skip":true},"25":{"start":{"line":97,"column":20},"end":{"line":97,"column":48},"skip":true},"26":{"start":{"line":100,"column":20},"end":{"line":100,"column":85},"skip":true},"27":{"start":{"line":101,"column":20},"end":{"line":101,"column":96},"skip":true},"28":{"start":{"line":103,"column":16},"end":{"line":103,"column":22},"skip":true},"29":{"start":{"line":106,"column":16},"end":{"line":106,"column":22},"skip":true},"30":{"start":{"line":108,"column":12},"end":{"line":120,"column":13},"skip":true},"31":{"start":{"line":114,"column":16},"end":{"line":119,"column":17},"skip":true},"32":{"start":{"line":116,"column":20},"end":{"line":116,"column":78},"skip":true},"33":{"start":{"line":118,"column":20},"end":{"line":118,"column":47},"skip":true},"34":{"start":{"line":123,"column":8},"end":{"line":141,"column":11},"skip":true},"35":{"start":{"line":124,"column":12},"end":{"line":124,"column":54},"skip":true},"36":{"start":{"line":125,"column":12},"end":{"line":140,"column":14},"skip":true},"37":{"start":{"line":126,"column":16},"end":{"line":126,"column":28},"skip":true},"38":{"start":{"line":127,"column":16},"end":{"line":127,"column":69},"skip":true},"39":{"start":{"line":128,"column":16},"end":{"line":128,"column":75},"skip":true},"40":{"start":{"line":129,"column":16},"end":{"line":131,"column":17},"skip":true},"41":{"start":{"line":130,"column":20},"end":{"line":130,"column":27},"skip":true},"42":{"start":{"line":133,"column":16},"end":{"line":137,"column":36},"skip":true},"43":{"start":{"line":134,"column":20},"end":{"line":136,"column":55},"skip":true},"44":{"start":{"line":139,"column":16},"end":{"line":139,"column":57},"skip":true},"45":{"start":{"line":143,"column":8},"end":{"line":147,"column":11},"skip":true},"46":{"start":{"line":144,"column":12},"end":{"line":146,"column":15},"skip":true},"47":{"start":{"line":145,"column":16},"end":{"line":145,"column":70},"skip":true},"48":{"start":{"line":149,"column":8},"end":{"line":149,"column":31},"skip":true},"49":{"start":{"line":150,"column":8},"end":{"line":150,"column":14},"skip":true},"50":{"start":{"line":158,"column":8},"end":{"line":158,"column":31},"skip":true},"51":{"start":{"line":160,"column":8},"end":{"line":160,"column":33},"skip":true},"52":{"start":{"line":161,"column":8},"end":{"line":161,"column":37},"skip":true},"53":{"start":{"line":162,"column":8},"end":{"line":162,"column":35},"skip":true},"54":{"start":{"line":164,"column":8},"end":{"line":164,"column":50},"skip":true},"55":{"start":{"line":166,"column":8},"end":{"line":256,"column":2},"skip":true},"56":{"start":{"line":258,"column":8},"end":{"line":286,"column":9},"skip":true},"57":{"start":{"line":259,"column":12},"end":{"line":269,"column":14},"skip":true},"58":{"start":{"line":271,"column":12},"end":{"line":285,"column":19},"skip":true},"59":{"start":{"line":274,"column":20},"end":{"line":274,"column":35},"skip":true},"60":{"start":{"line":275,"column":20},"end":{"line":284,"column":21},"skip":true},"61":{"start":{"line":277,"column":24},"end":{"line":277,"column":64},"skip":true},"62":{"start":{"line":279,"column":24},"end":{"line":279,"column":40},"skip":true},"63":{"start":{"line":281,"column":24},"end":{"line":281,"column":40},"skip":true},"64":{"start":{"line":283,"column":24},"end":{"line":283,"column":39},"skip":true},"65":{"start":{"line":288,"column":8},"end":{"line":290,"column":9},"skip":true},"66":{"start":{"line":289,"column":12},"end":{"line":289,"column":18},"skip":true},"67":{"start":{"line":291,"column":8},"end":{"line":293,"column":54},"skip":true},"68":{"start":{"line":296,"column":8},"end":{"line":301,"column":37},"skip":true},"69":{"start":{"line":303,"column":8},"end":{"line":303,"column":82},"skip":true},"70":{"start":{"line":306,"column":8},"end":{"line":308,"column":9},"skip":true},"71":{"start":{"line":307,"column":12},"end":{"line":307,"column":82},"skip":true},"72":{"start":{"line":310,"column":8},"end":{"line":312,"column":9},"skip":true},"73":{"start":{"line":311,"column":12},"end":{"line":311,"column":18},"skip":true},"74":{"start":{"line":313,"column":8},"end":{"line":313,"column":54},"skip":true},"75":{"start":{"line":314,"column":8},"end":{"line":314,"column":69},"skip":true},"76":{"start":{"line":315,"column":8},"end":{"line":323,"column":36},"skip":true},"77":{"start":{"line":316,"column":12},"end":{"line":316,"column":61},"skip":true},"78":{"start":{"line":317,"column":12},"end":{"line":320,"column":13},"skip":true},"79":{"start":{"line":318,"column":16},"end":{"line":318,"column":75},"skip":true},"80":{"start":{"line":319,"column":16},"end":{"line":319,"column":23},"skip":true},"81":{"start":{"line":321,"column":12},"end":{"line":321,"column":38},"skip":true},"82":{"start":{"line":322,"column":12},"end":{"line":322,"column":27},"skip":true},"83":{"start":{"line":324,"column":8},"end":{"line":324,"column":14},"skip":true}},"branchMap":{"1":{"line":39,"type":"binary-expr","locations":[{"start":{"line":39,"column":23},"end":{"line":39,"column":62}},{"start":{"line":40,"column":20},"end":{"line":40,"column":70}},{"start":{"line":41,"column":20},"end":{"line":41,"column":71}},{"start":{"line":42,"column":20},"end":{"line":42,"column":29}}]},"2":{"line":44,"type":"binary-expr","locations":[{"start":{"line":44,"column":23},"end":{"line":44,"column":37}},{"start":{"line":45,"column":20},"end":{"line":45,"column":61}},{"start":{"line":46,"column":20},"end":{"line":46,"column":70}},{"start":{"line":47,"column":20},"end":{"line":47,"column":26}}]},"3":{"line":51,"type":"cond-expr","locations":[{"start":{"line":52,"column":14},"end":{"line":52,"column":20}},{"start":{"line":53,"column":14},"end":{"line":53,"column":20}}]},"4":{"line":55,"type":"binary-expr","locations":[{"start":{"line":55,"column":16},"end":{"line":55,"column":44}},{"start":{"line":55,"column":49},"end":{"line":57,"column":43}}]},"5":{"line":55,"type":"cond-expr","locations":[{"start":{"line":56,"column":14},"end":{"line":56,"column":56}},{"start":{"line":57,"column":14},"end":{"line":57,"column":43}}]},"6":{"line":61,"type":"switch","locations":[{"start":{"line":68,"column":4},"end":{"line":150,"column":14},"skip":true},{"start":{"line":156,"column":4},"end":{"line":324,"column":14},"skip":true}]},"7":{"line":70,"type":"if","locations":[{"start":{"line":70,"column":12},"end":{"line":70,"column":12},"skip":true},{"start":{"line":70,"column":12},"end":{"line":70,"column":12},"skip":true}]},"8":{"line":70,"type":"binary-expr","locations":[{"start":{"line":70,"column":16},"end":{"line":70,"column":22},"skip":true},{"start":{"line":70,"column":27},"end":{"line":70,"column":32},"skip":true},{"start":{"line":71,"column":20},"end":{"line":71,"column":39},"skip":true},{"start":{"line":72,"column":20},"end":{"line":72,"column":49},"skip":true},{"start":{"line":73,"column":20},"end":{"line":73,"column":58},"skip":true},{"start":{"line":74,"column":20},"end":{"line":74,"column":69},"skip":true}]},"9":{"line":79,"type":"switch","locations":[{"start":{"line":80,"column":20},"end":{"line":80,"column":33},"skip":true},{"start":{"line":81,"column":20},"end":{"line":83,"column":30},"skip":true},{"start":{"line":84,"column":20},"end":{"line":85,"column":49},"skip":true}]},"10":{"line":89,"type":"switch","locations":[{"start":{"line":90,"column":12},"end":{"line":103,"column":22},"skip":true},{"start":{"line":105,"column":12},"end":{"line":106,"column":22},"skip":true}]},"11":{"line":89,"type":"binary-expr","locations":[{"start":{"line":89,"column":20},"end":{"line":89,"column":25},"skip":true},{"start":{"line":89,"column":29},"end":{"line":89,"column":48},"skip":true},{"start":{"line":89,"column":52},"end":{"line":89,"column":74},"skip":true}]},"12":{"line":92,"type":"if","locations":[{"start":{"line":92,"column":16},"end":{"line":92,"column":16},"skip":true},{"start":{"line":92,"column":16},"end":{"line":92,"column":16},"skip":true}]},"13":{"line":108,"type":"if","locations":[{"start":{"line":108,"column":12},"end":{"line":108,"column":12},"skip":true},{"start":{"line":108,"column":12},"end":{"line":108,"column":12},"skip":true}]},"14":{"line":108,"type":"binary-expr","locations":[{"start":{"line":108,"column":16},"end":{"line":108,"column":61},"skip":true},{"start":{"line":108,"column":66},"end":{"line":108,"column":72},"skip":true},{"start":{"line":108,"column":77},"end":{"line":108,"column":82},"skip":true},{"start":{"line":109,"column":20},"end":{"line":109,"column":39},"skip":true},{"start":{"line":110,"column":20},"end":{"line":110,"column":49},"skip":true},{"start":{"line":111,"column":20},"end":{"line":111,"column":58},"skip":true},{"start":{"line":112,"column":20},"end":{"line":112,"column":68},"skip":true}]},"15":{"line":129,"type":"if","locations":[{"start":{"line":129,"column":16},"end":{"line":129,"column":16},"skip":true},{"start":{"line":129,"column":16},"end":{"line":129,"column":16},"skip":true}]},"16":{"line":134,"type":"cond-expr","locations":[{"start":{"line":135,"column":26},"end":{"line":135,"column":29},"skip":true},{"start":{"line":136,"column":26},"end":{"line":136,"column":54},"skip":true}]},"17":{"line":164,"type":"binary-expr","locations":[{"start":{"line":164,"column":27},"end":{"line":164,"column":43},"skip":true},{"start":{"line":164,"column":47},"end":{"line":164,"column":49},"skip":true}]},"18":{"line":258,"type":"if","locations":[{"start":{"line":258,"column":8},"end":{"line":258,"column":8},"skip":true},{"start":{"line":258,"column":8},"end":{"line":258,"column":8},"skip":true}]},"19":{"line":275,"type":"switch","locations":[{"start":{"line":276,"column":20},"end":{"line":277,"column":64},"skip":true},{"start":{"line":278,"column":20},"end":{"line":279,"column":40},"skip":true},{"start":{"line":280,"column":20},"end":{"line":281,"column":40},"skip":true},{"start":{"line":282,"column":20},"end":{"line":283,"column":39},"skip":true}]},"20":{"line":288,"type":"if","locations":[{"start":{"line":288,"column":8},"end":{"line":288,"column":8},"skip":true},{"start":{"line":288,"column":8},"end":{"line":288,"column":8},"skip":true}]},"21":{"line":288,"type":"binary-expr","locations":[{"start":{"line":288,"column":12},"end":{"line":288,"column":40},"skip":true},{"start":{"line":288,"column":44},"end":{"line":288,"column":67},"skip":true}]},"22":{"line":292,"type":"binary-expr","locations":[{"start":{"line":292,"column":12},"end":{"line":292,"column":50},"skip":true},{"start":{"line":293,"column":12},"end":{"line":293,"column":53},"skip":true}]},"23":{"line":297,"type":"binary-expr","locations":[{"start":{"line":297,"column":12},"end":{"line":297,"column":70},"skip":true},{"start":{"line":298,"column":12},"end":{"line":301,"column":36},"skip":true}]},"24":{"line":303,"type":"binary-expr","locations":[{"start":{"line":303,"column":43},"end":{"line":303,"column":75},"skip":true},{"start":{"line":303,"column":79},"end":{"line":303,"column":81},"skip":true}]},"25":{"line":306,"type":"if","locations":[{"start":{"line":306,"column":8},"end":{"line":306,"column":8},"skip":true},{"start":{"line":306,"column":8},"end":{"line":306,"column":8},"skip":true}]},"26":{"line":310,"type":"if","locations":[{"start":{"line":310,"column":8},"end":{"line":310,"column":8},"skip":true},{"start":{"line":310,"column":8},"end":{"line":310,"column":8},"skip":true}]},"27":{"line":313,"type":"binary-expr","locations":[{"start":{"line":313,"column":27},"end":{"line":313,"column":43},"skip":true},{"start":{"line":313,"column":47},"end":{"line":313,"column":53},"skip":true}]},"28":{"line":317,"type":"if","locations":[{"start":{"line":317,"column":12},"end":{"line":317,"column":12},"skip":true},{"start":{"line":317,"column":12},"end":{"line":317,"column":12},"skip":true}]}},"code":["/*","example.js","","quickstart example","","instruction","    1. save this script as example.js","    2. run the shell command:","        $ npm install npmtest-clipboard-js && PORT=8081 node example.js","    3. play with the browser-demo on http://127.0.0.1:8081","*/","","","","/* istanbul instrument in package npmtest_clipboard_js */","/*jslint","    bitwise: true,","    browser: true,","    maxerr: 8,","    maxlen: 96,","    node: true,","    nomen: true,","    regexp: true,","    stupid: true","*/","(function () {","    'use strict';","    var local;","","","","    // run shared js-env code - pre-init","    (function () {","        // init local","        local = {};","        // init modeJs","        local.modeJs = (function () {","            try {","                return typeof navigator.userAgent === 'string' &&","                    typeof document.querySelector('body') === 'object' &&","                    typeof XMLHttpRequest.prototype.open === 'function' &&","                    'browser';","            } catch (errorCaughtBrowser) {","                return module.exports &&","                    typeof process.versions.node === 'string' &&","                    typeof require('http').createServer === 'function' &&","                    'node';","            }","        }());","        // init global","        local.global = local.modeJs === 'browser'","            ? window","            : global;","        // init utility2_rollup","        local = local.global.utility2_rollup || (local.modeJs === 'browser'","            ? local.global.utility2_npmtest_clipboard_js","            : global.utility2_moduleExports);","        // export local","        local.global.local = local;","    }());","    switch (local.modeJs) {","","","","    // post-init","    // run browser js-env code - post-init","    /* istanbul ignore next */","    case 'browser':","        local.testRunBrowser = function (event) {","            if (!event || (event &&","                    event.currentTarget &&","                    event.currentTarget.className &&","                    event.currentTarget.className.includes &&","                    event.currentTarget.className.includes('onreset'))) {","                // reset output","                Array.from(","                    document.querySelectorAll('body > .resettable')","                ).forEach(function (element) {","                    switch (element.tagName) {","                    case 'INPUT':","                    case 'TEXTAREA':","                        element.value = '';","                        break;","                    default:","                        element.textContent = '';","                    }","                });","            }","            switch (event && event.currentTarget && event.currentTarget.id) {","            case 'testRunButton1':","                // show tests","                if (document.querySelector('#testReportDiv1').style.display === 'none') {","                    document.querySelector('#testReportDiv1').style.display = 'block';","                    document.querySelector('#testRunButton1').textContent =","                        'hide internal test';","                    local.modeTest = true;","                    local.testRunDefault(local);","                // hide tests","                } else {","                    document.querySelector('#testReportDiv1').style.display = 'none';","                    document.querySelector('#testRunButton1').textContent = 'run internal test';","                }","                break;","            // custom-case","            default:","                break;","            }","            if (document.querySelector('#inputTextareaEval1') && (!event || (event &&","                    event.currentTarget &&","                    event.currentTarget.className &&","                    event.currentTarget.className.includes &&","                    event.currentTarget.className.includes('oneval')))) {","                // try to eval input-code","                try {","                    /*jslint evil: true*/","                    eval(document.querySelector('#inputTextareaEval1').value);","                } catch (errorCaught) {","                    console.error(errorCaught);","                }","            }","        };","        // log stderr and stdout to #outputTextareaStdout1","        ['error', 'log'].forEach(function (key) {","            console[key + '_original'] = console[key];","            console[key] = function () {","                var element;","                console[key + '_original'].apply(console, arguments);","                element = document.querySelector('#outputTextareaStdout1');","                if (!element) {","                    return;","                }","                // append text to #outputTextareaStdout1","                element.value += Array.from(arguments).map(function (arg) {","                    return typeof arg === 'string'","                        ? arg","                        : JSON.stringify(arg, null, 4);","                }).join(' ') + '\\n';","                // scroll textarea to bottom","                element.scrollTop = element.scrollHeight;","            };","        });","        // init event-handling","        ['change', 'click', 'keyup'].forEach(function (event) {","            Array.from(document.querySelectorAll('.on' + event)).forEach(function (element) {","                element.addEventListener(event, local.testRunBrowser);","            });","        });","        // run tests","        local.testRunBrowser();","        break;","","","","    // run node js-env code - post-init","    /* istanbul ignore next */","    case 'node':","        // export local","        module.exports = local;","        // require modules","        local.fs = require('fs');","        local.http = require('http');","        local.url = require('url');","        // init assets","        local.assetsDict = local.assetsDict || {};","        /* jslint-ignore-begin */","        local.assetsDict['/assets.index.template.html'] = '\\","<!doctype html>\\n\\","<html lang=\"en\">\\n\\","<head>\\n\\","<meta charset=\"UTF-8\">\\n\\","<meta name=\"viewport\" content=\"width=device-width, initial-scale=1\">\\n\\","<title>{{env.npm_package_name}} (v{{env.npm_package_version}})</title>\\n\\","<style>\\n\\","/*csslint\\n\\","    box-sizing: false,\\n\\","    universal-selector: false\\n\\","*/\\n\\","* {\\n\\","    box-sizing: border-box;\\n\\","}\\n\\","body {\\n\\","    background: #dde;\\n\\","    font-family: Arial, Helvetica, sans-serif;\\n\\","    margin: 2rem;\\n\\","}\\n\\","body > * {\\n\\","    margin-bottom: 1rem;\\n\\","}\\n\\",".utility2FooterDiv {\\n\\","    margin-top: 20px;\\n\\","    text-align: center;\\n\\","}\\n\\","</style>\\n\\","<style>\\n\\","/*csslint\\n\\","*/\\n\\","textarea {\\n\\","    font-family: monospace;\\n\\","    height: 10rem;\\n\\","    width: 100%;\\n\\","}\\n\\","textarea[readonly] {\\n\\","    background: #ddd;\\n\\","}\\n\\","</style>\\n\\","</head>\\n\\","<body>\\n\\","<!-- utility2-comment\\n\\","<div id=\"ajaxProgressDiv1\" style=\"background: #d00; height: 2px; left: 0; margin: 0; padding: 0; position: fixed; top: 0; transition: background 0.5s, width 1.5s; width: 25%;\"></div>\\n\\","utility2-comment -->\\n\\","<h1>\\n\\","<!-- utility2-comment\\n\\","    <a\\n\\","        {{#if env.npm_package_homepage}}\\n\\","        href=\"{{env.npm_package_homepage}}\"\\n\\","        {{/if env.npm_package_homepage}}\\n\\","        target=\"_blank\"\\n\\","    >\\n\\","utility2-comment -->\\n\\","        {{env.npm_package_name}} (v{{env.npm_package_version}})\\n\\","<!-- utility2-comment\\n\\","    </a>\\n\\","utility2-comment -->\\n\\","</h1>\\n\\","<h3>{{env.npm_package_description}}</h3>\\n\\","<!-- utility2-comment\\n\\","<h4><a download href=\"assets.app.js\">download standalone app</a></h4>\\n\\","<button class=\"onclick onreset\" id=\"testRunButton1\">run internal test</button><br>\\n\\","<div id=\"testReportDiv1\" style=\"display: none;\"></div>\\n\\","utility2-comment -->\\n\\","\\n\\","\\n\\","\\n\\","<label>stderr and stdout</label>\\n\\","<textarea class=\"resettable\" id=\"outputTextareaStdout1\" readonly></textarea>\\n\\","<!-- utility2-comment\\n\\","{{#if isRollup}}\\n\\","<script src=\"assets.app.js\"></script>\\n\\","{{#unless isRollup}}\\n\\","utility2-comment -->\\n\\","<script src=\"assets.utility2.rollup.js\"></script>\\n\\","<script src=\"jsonp.utility2._stateInit?callback=window.utility2._stateInit\"></script>\\n\\","<script src=\"assets.npmtest_clipboard_js.rollup.js\"></script>\\n\\","<script src=\"assets.example.js\"></script>\\n\\","<script src=\"assets.test.js\"></script>\\n\\","<!-- utility2-comment\\n\\","{{/if isRollup}}\\n\\","utility2-comment -->\\n\\","<div class=\"utility2FooterDiv\">\\n\\","    [ this app was created with\\n\\","    <a href=\"https://github.com/kaizhu256/node-utility2\" target=\"_blank\">utility2</a>\\n\\","    ]\\n\\","</div>\\n\\","</body>\\n\\","</html>\\n\\","';","        /* jslint-ignore-end */","        if (local.templateRender) {","            local.assetsDict['/'] = local.templateRender(","                local.assetsDict['/assets.index.template.html'],","                {","                    env: local.objectSetDefault(local.env, {","                        npm_package_description: 'the greatest app in the world!',","                        npm_package_name: 'my-app',","                        npm_package_nameAlias: 'my_app',","                        npm_package_version: '0.0.1'","                    })","                }","            );","        } else {","            local.assetsDict['/'] = local.assetsDict['/assets.index.template.html']","                .replace((/\\{\\{env\\.(\\w+?)\\}\\}/g), function (match0, match1) {","                    // jslint-hack","                    String(match0);","                    switch (match1) {","                    case 'npm_package_description':","                        return 'the greatest app in the world!';","                    case 'npm_package_name':","                        return 'my-app';","                    case 'npm_package_nameAlias':","                        return 'my_app';","                    case 'npm_package_version':","                        return '0.0.1';","                    }","                });","        }","        // run the cli","        if (local.global.utility2_rollup || module !== require.main) {","            break;","        }","        local.assetsDict['/assets.example.js'] =","            local.assetsDict['/assets.example.js'] ||","            local.fs.readFileSync(__filename, 'utf8');","        // bug-workaround - long $npm_package_buildCustomOrg","        /* jslint-ignore-begin */","        local.assetsDict['/assets.npmtest_clipboard_js.rollup.js'] =","            local.assetsDict['/assets.npmtest_clipboard_js.rollup.js'] ||","            local.fs.readFileSync(","                local.npmtest_clipboard_js.__dirname + '/lib.npmtest_clipboard_js.js',","                'utf8'","            ).replace((/^#!/), '//');","        /* jslint-ignore-end */","        local.assetsDict['/favicon.ico'] = local.assetsDict['/favicon.ico'] || '';","        // if $npm_config_timeout_exit exists,","        // then exit this process after $npm_config_timeout_exit ms","        if (Number(process.env.npm_config_timeout_exit)) {","            setTimeout(process.exit, Number(process.env.npm_config_timeout_exit));","        }","        // start server","        if (local.global.utility2_serverHttp1) {","            break;","        }","        process.env.PORT = process.env.PORT || '8081';","        console.error('server starting on port ' + process.env.PORT);","        local.http.createServer(function (request, response) {","            request.urlParsed = local.url.parse(request.url);","            if (local.assetsDict[request.urlParsed.pathname] !== undefined) {","                response.end(local.assetsDict[request.urlParsed.pathname]);","                return;","            }","            response.statusCode = 404;","            response.end();","        }).listen(process.env.PORT);","        break;","    }","}());",""],"l":{"26":2,"28":2,"33":2,"35":2,"37":2,"38":2,"39":2,"44":1,"51":2,"55":2,"59":2,"61":2,"69":1,"70":2,"76":2,"79":2,"82":2,"83":2,"85":1,"89":2,"92":1,"93":1,"94":1,"96":1,"97":1,"100":1,"101":1,"103":1,"106":1,"108":2,"114":1,"116":1,"118":1,"123":1,"124":2,"125":2,"126":3,"127":3,"128":3,"129":3,"130":1,"133":3,"134":3,"139":3,"143":1,"144":3,"145":1,"149":1,"150":1,"158":1,"160":1,"161":1,"162":1,"164":1,"166":1,"258":1,"259":1,"271":1,"274":6,"275":6,"277":1,"279":2,"281":1,"283":2,"288":1,"289":1,"291":1,"296":1,"303":1,"306":1,"307":1,"310":1,"311":1,"313":1,"314":1,"315":1,"316":1,"317":1,"318":1,"319":1,"321":1,"322":1,"324":1}},"/home/travis/build/npmtest/node-npmtest-clipboard-js/node_modules/clipboard-js/clipboard.js":{"path":"/home/travis/build/npmtest/node-npmtest-clipboard-js/node_modules/clipboard-js/clipboard.js","s":{"1":1,"2":1,"3":1,"4":0,"5":0,"6":0,"7":1,"8":1,"9":0,"10":0,"11":0,"12":0,"13":0,"14":1,"15":0,"16":0,"17":0,"18":0,"19":0,"20":0,"21":0,"22":0,"23":0,"24":0,"25":1,"26":0,"27":0,"28":0,"29":0,"30":0,"31":0,"32":0,"33":0,"34":0,"35":0,"36":0,"37":0,"38":0,"39":0,"40":0,"41":1,"42":0,"43":0,"44":0,"45":0,"46":0,"47":0,"48":0,"49":0,"50":0,"51":0,"52":0,"53":0,"54":0,"55":0,"56":0,"57":0,"58":0,"59":0,"60":0,"61":0,"62":0,"63":0,"64":0,"65":0,"66":0,"67":0,"68":0,"69":0,"70":0,"71":0,"72":0,"73":0,"74":0,"75":0,"76":0,"77":1,"78":0,"79":0,"80":1,"81":0,"82":0,"83":0,"84":0,"85":0,"86":1,"87":0,"88":0,"89":0,"90":0,"91":0,"92":0,"93":0,"94":0,"95":0,"96":0,"97":1,"98":0,"99":0,"100":0,"101":0,"102":0,"103":0,"104":0,"105":0,"106":0,"107":1,"108":0,"109":1,"110":0,"111":0,"112":0,"113":1,"114":0,"115":1,"116":0,"117":0,"118":0,"119":0,"120":0,"121":0,"122":0,"123":0,"124":0,"125":0,"126":0,"127":0,"128":0,"129":0,"130":0,"131":0,"132":0,"133":0,"134":1,"135":0,"136":0,"137":0,"138":0,"139":0,"140":0,"141":0,"142":0,"143":0,"144":0,"145":0,"146":0,"147":0,"148":0,"149":0,"150":0,"151":0,"152":0,"153":0,"154":0,"155":0,"156":0,"157":0,"158":0,"159":0,"160":0,"161":0,"162":0,"163":0,"164":0,"165":0,"166":0,"167":0,"168":0,"169":0},"b":{"1":[1,0],"2":[0,0],"3":[0,0],"4":[1,0],"5":[1,0],"6":[0,0],"7":[0,0],"8":[0,0],"9":[0,0],"10":[0,0],"11":[0,0],"12":[0,0],"13":[0,0],"14":[0,0],"15":[0,0],"16":[0,0],"17":[0,0],"18":[0,0,0],"19":[0,0],"20":[0,0],"21":[0,0],"22":[0,0],"23":[0,0],"24":[0,0],"25":[0,0],"26":[0,0],"27":[0,0,0],"28":[0,0],"29":[0,0],"30":[0,0],"31":[0,0],"32":[0,0],"33":[0,0],"34":[0,0,0,0],"35":[0,0],"36":[0,0],"37":[0,0],"38":[0,0],"39":[0,0,0],"40":[0,0],"41":[0,0],"42":[0,0],"43":[0,0],"44":[0,0,0],"45":[0,0],"46":[0,0],"47":[0,0],"48":[0,0],"49":[0,0],"50":[0,0],"51":[0,0],"52":[0,0]},"f":{"1":1,"2":1,"3":0,"4":0,"5":0,"6":0,"7":0,"8":0,"9":0,"10":0,"11":0,"12":0,"13":0,"14":0,"15":0,"16":0,"17":0,"18":0,"19":0,"20":0,"21":0,"22":0,"23":0,"24":0,"25":0,"26":0,"27":0,"28":0,"29":0,"30":0,"31":0,"32":0,"33":0,"34":0,"35":0,"36":0,"37":0,"38":0,"39":0,"40":0,"41":0,"42":0,"43":0,"44":0,"45":0},"fnMap":{"1":{"name":"(anonymous_1)","line":2,"loc":{"start":{"line":2,"column":1},"end":{"line":2,"column":28}}},"2":{"name":"(anonymous_2)","line":6,"loc":{"start":{"line":6,"column":15},"end":{"line":6,"column":26}}},"3":{"name":"(anonymous_3)","line":13,"loc":{"start":{"line":13,"column":20},"end":{"line":13,"column":31}}},"4":{"name":"cleanup","line":18,"loc":{"start":{"line":18,"column":4},"end":{"line":18,"column":23}}},"5":{"name":"(anonymous_5)","line":27,"loc":{"start":{"line":27,"column":38},"end":{"line":27,"column":50}}},"6":{"name":"bogusSelect","line":37,"loc":{"start":{"line":37,"column":4},"end":{"line":37,"column":27}}},"7":{"name":"(anonymous_7)","line":63,"loc":{"start":{"line":63,"column":11},"end":{"line":63,"column":26}}},"8":{"name":"(anonymous_8)","line":64,"loc":{"start":{"line":64,"column":25},"end":{"line":64,"column":51}}},"9":{"name":"triggerCopy","line":74,"loc":{"start":{"line":74,"column":8},"end":{"line":74,"column":45}}},"10":{"name":"(anonymous_10)","line":101,"loc":{"start":{"line":101,"column":21},"end":{"line":101,"column":32}}},"11":{"name":"(anonymous_11)","line":106,"loc":{"start":{"line":106,"column":39},"end":{"line":106,"column":51}}},"12":{"name":"(anonymous_12)","line":116,"loc":{"start":{"line":116,"column":11},"end":{"line":116,"column":30}}},"13":{"name":"(anonymous_13)","line":117,"loc":{"start":{"line":117,"column":25},"end":{"line":117,"column":51}}},"14":{"name":"(anonymous_14)","line":140,"loc":{"start":{"line":140,"column":5},"end":{"line":140,"column":16}}},"15":{"name":"b","line":140,"loc":{"start":{"line":140,"column":17},"end":{"line":140,"column":32}}},"16":{"name":"(anonymous_16)","line":140,"loc":{"start":{"line":140,"column":40},"end":{"line":140,"column":50}}},"17":{"name":"c","line":140,"loc":{"start":{"line":140,"column":73},"end":{"line":140,"column":86}}},"18":{"name":"d","line":140,"loc":{"start":{"line":140,"column":312},"end":{"line":140,"column":325}}},"19":{"name":"(anonymous_19)","line":140,"loc":{"start":{"line":140,"column":399},"end":{"line":140,"column":409}}},"20":{"name":"e","line":140,"loc":{"start":{"line":140,"column":587},"end":{"line":140,"column":600}}},"21":{"name":"f","line":140,"loc":{"start":{"line":140,"column":878},"end":{"line":140,"column":891}}},"22":{"name":"g","line":140,"loc":{"start":{"line":140,"column":934},"end":{"line":140,"column":946}}},"23":{"name":"h","line":140,"loc":{"start":{"line":140,"column":1045},"end":{"line":140,"column":1064}}},"24":{"name":"i","line":140,"loc":{"start":{"line":140,"column":1183},"end":{"line":140,"column":1200}}},"25":{"name":"(anonymous_25)","line":140,"loc":{"start":{"line":140,"column":1216},"end":{"line":140,"column":1227}}},"26":{"name":"(anonymous_26)","line":140,"loc":{"start":{"line":140,"column":1244},"end":{"line":140,"column":1255}}},"27":{"name":"(anonymous_27)","line":140,"loc":{"start":{"line":140,"column":1373},"end":{"line":140,"column":1384}}},"28":{"name":"(anonymous_28)","line":140,"loc":{"start":{"line":140,"column":1419},"end":{"line":140,"column":1430}}},"29":{"name":"(anonymous_29)","line":140,"loc":{"start":{"line":140,"column":1512},"end":{"line":140,"column":1523}}},"30":{"name":"(anonymous_30)","line":140,"loc":{"start":{"line":140,"column":1567},"end":{"line":140,"column":1580}}},"31":{"name":"(anonymous_31)","line":140,"loc":{"start":{"line":140,"column":1605},"end":{"line":140,"column":1618}}},"32":{"name":"(anonymous_32)","line":140,"loc":{"start":{"line":140,"column":1653},"end":{"line":140,"column":1663}}},"33":{"name":"(anonymous_33)","line":140,"loc":{"start":{"line":140,"column":1772},"end":{"line":140,"column":1785}}},"34":{"name":"d","line":140,"loc":{"start":{"line":140,"column":1786},"end":{"line":140,"column":1801}}},"35":{"name":"(anonymous_35)","line":140,"loc":{"start":{"line":140,"column":1914},"end":{"line":140,"column":1925}}},"36":{"name":"(anonymous_36)","line":140,"loc":{"start":{"line":140,"column":2063},"end":{"line":140,"column":2074}}},"37":{"name":"(anonymous_37)","line":140,"loc":{"start":{"line":140,"column":2131},"end":{"line":140,"column":2142}}},"38":{"name":"(anonymous_38)","line":140,"loc":{"start":{"line":140,"column":2160},"end":{"line":140,"column":2171}}},"39":{"name":"(anonymous_39)","line":140,"loc":{"start":{"line":140,"column":2185},"end":{"line":140,"column":2198}}},"40":{"name":"(anonymous_40)","line":140,"loc":{"start":{"line":140,"column":2214},"end":{"line":140,"column":2225}}},"41":{"name":"(anonymous_41)","line":140,"loc":{"start":{"line":140,"column":2239},"end":{"line":140,"column":2252}}},"42":{"name":"(anonymous_42)","line":142,"loc":{"start":{"line":142,"column":21},"end":{"line":142,"column":36}}},"43":{"name":"(anonymous_43)","line":143,"loc":{"start":{"line":143,"column":25},"end":{"line":143,"column":51}}},"44":{"name":"(anonymous_44)","line":160,"loc":{"start":{"line":160,"column":22},"end":{"line":160,"column":33}}},"45":{"name":"(anonymous_45)","line":161,"loc":{"start":{"line":161,"column":25},"end":{"line":161,"column":51}}}},"statementMap":{"1":{"start":{"line":2,"column":0},"end":{"line":174,"column":4}},"2":{"start":{"line":3,"column":4},"end":{"line":5,"column":39}},"3":{"start":{"line":3,"column":41},"end":{"line":3,"column":71}},"4":{"start":{"line":4,"column":9},"end":{"line":5,"column":39}},"5":{"start":{"line":4,"column":79},"end":{"line":4,"column":98}},"6":{"start":{"line":5,"column":11},"end":{"line":5,"column":37}},"7":{"start":{"line":7,"column":2},"end":{"line":9,"column":3}},"8":{"start":{"line":8,"column":4},"end":{"line":8,"column":16}},"9":{"start":{"line":11,"column":2},"end":{"line":11,"column":21}},"10":{"start":{"line":13,"column":2},"end":{"line":99,"column":7}},"11":{"start":{"line":14,"column":4},"end":{"line":14,"column":27}},"12":{"start":{"line":15,"column":4},"end":{"line":15,"column":21}},"13":{"start":{"line":16,"column":4},"end":{"line":16,"column":32}},"14":{"start":{"line":18,"column":4},"end":{"line":25,"column":5}},"15":{"start":{"line":19,"column":6},"end":{"line":19,"column":25}},"16":{"start":{"line":20,"column":6},"end":{"line":20,"column":19}},"17":{"start":{"line":21,"column":6},"end":{"line":23,"column":7}},"18":{"start":{"line":22,"column":8},"end":{"line":22,"column":48}},"19":{"start":{"line":24,"column":6},"end":{"line":24,"column":30}},"20":{"start":{"line":27,"column":4},"end":{"line":34,"column":7}},"21":{"start":{"line":28,"column":6},"end":{"line":33,"column":7}},"22":{"start":{"line":29,"column":8},"end":{"line":31,"column":9}},"23":{"start":{"line":30,"column":10},"end":{"line":30,"column":51}},"24":{"start":{"line":32,"column":8},"end":{"line":32,"column":27}},"25":{"start":{"line":37,"column":4},"end":{"line":61,"column":5}},"26":{"start":{"line":38,"column":6},"end":{"line":38,"column":40}},"27":{"start":{"line":40,"column":6},"end":{"line":60,"column":7}},"28":{"start":{"line":55,"column":8},"end":{"line":55,"column":43}},"29":{"start":{"line":56,"column":8},"end":{"line":56,"column":48}},"30":{"start":{"line":57,"column":8},"end":{"line":57,"column":30}},"31":{"start":{"line":58,"column":8},"end":{"line":58,"column":28}},"32":{"start":{"line":59,"column":8},"end":{"line":59,"column":31}},"33":{"start":{"line":63,"column":4},"end":{"line":98,"column":6}},"34":{"start":{"line":64,"column":6},"end":{"line":97,"column":9}},"35":{"start":{"line":65,"column":8},"end":{"line":65,"column":26}},"36":{"start":{"line":66,"column":8},"end":{"line":72,"column":9}},"37":{"start":{"line":67,"column":10},"end":{"line":67,"column":39}},"38":{"start":{"line":68,"column":15},"end":{"line":72,"column":9}},"39":{"start":{"line":69,"column":10},"end":{"line":69,"column":77}},"40":{"start":{"line":71,"column":10},"end":{"line":71,"column":23}},"41":{"start":{"line":74,"column":8},"end":{"line":94,"column":9}},"42":{"start":{"line":75,"column":10},"end":{"line":93,"column":11}},"43":{"start":{"line":76,"column":12},"end":{"line":89,"column":13}},"44":{"start":{"line":79,"column":14},"end":{"line":79,"column":24}},"45":{"start":{"line":80,"column":14},"end":{"line":80,"column":24}},"46":{"start":{"line":83,"column":14},"end":{"line":88,"column":15}},"47":{"start":{"line":84,"column":16},"end":{"line":84,"column":30}},"48":{"start":{"line":85,"column":16},"end":{"line":85,"column":34}},"49":{"start":{"line":87,"column":16},"end":{"line":87,"column":95}},"50":{"start":{"line":91,"column":12},"end":{"line":91,"column":22}},"51":{"start":{"line":92,"column":12},"end":{"line":92,"column":22}},"52":{"start":{"line":95,"column":8},"end":{"line":95,"column":27}},"53":{"start":{"line":101,"column":2},"end":{"line":132,"column":7}},"54":{"start":{"line":102,"column":4},"end":{"line":102,"column":27}},"55":{"start":{"line":103,"column":4},"end":{"line":103,"column":17}},"56":{"start":{"line":104,"column":4},"end":{"line":104,"column":18}},"57":{"start":{"line":106,"column":4},"end":{"line":114,"column":7}},"58":{"start":{"line":107,"column":6},"end":{"line":113,"column":7}},"59":{"start":{"line":108,"column":8},"end":{"line":108,"column":27}},"60":{"start":{"line":109,"column":8},"end":{"line":109,"column":27}},"61":{"start":{"line":110,"column":8},"end":{"line":110,"column":31}},"62":{"start":{"line":111,"column":8},"end":{"line":111,"column":24}},"63":{"start":{"line":112,"column":8},"end":{"line":112,"column":52}},"64":{"start":{"line":116,"column":4},"end":{"line":131,"column":6}},"65":{"start":{"line":117,"column":6},"end":{"line":130,"column":9}},"66":{"start":{"line":118,"column":8},"end":{"line":118,"column":26}},"67":{"start":{"line":119,"column":8},"end":{"line":119,"column":27}},"68":{"start":{"line":120,"column":8},"end":{"line":120,"column":45}},"69":{"start":{"line":121,"column":8},"end":{"line":129,"column":9}},"70":{"start":{"line":122,"column":10},"end":{"line":125,"column":11}},"71":{"start":{"line":123,"column":12},"end":{"line":123,"column":31}},"72":{"start":{"line":124,"column":12},"end":{"line":124,"column":105}},"73":{"start":{"line":127,"column":10},"end":{"line":127,"column":29}},"74":{"start":{"line":128,"column":10},"end":{"line":128,"column":31}},"75":{"start":{"line":135,"column":2},"end":{"line":171,"column":3}},"76":{"start":{"line":140,"column":4},"end":{"line":140,"column":2395}},"77":{"start":{"line":140,"column":17},"end":{"line":140,"column":73}},"78":{"start":{"line":140,"column":33},"end":{"line":140,"column":72}},"79":{"start":{"line":140,"column":51},"end":{"line":140,"column":71}},"80":{"start":{"line":140,"column":73},"end":{"line":140,"column":312}},"81":{"start":{"line":140,"column":87},"end":{"line":140,"column":172}},"82":{"start":{"line":140,"column":112},"end":{"line":140,"column":172}},"83":{"start":{"line":140,"column":172},"end":{"line":140,"column":234}},"84":{"start":{"line":140,"column":196},"end":{"line":140,"column":234}},"85":{"start":{"line":140,"column":234},"end":{"line":140,"column":311}},"86":{"start":{"line":140,"column":312},"end":{"line":140,"column":587}},"87":{"start":{"line":140,"column":326},"end":{"line":140,"column":337}},"88":{"start":{"line":140,"column":337},"end":{"line":140,"column":586}},"89":{"start":{"line":140,"column":410},"end":{"line":140,"column":452}},"90":{"start":{"line":140,"column":452},"end":{"line":140,"column":515}},"91":{"start":{"line":140,"column":464},"end":{"line":140,"column":515}},"92":{"start":{"line":140,"column":515},"end":{"line":140,"column":521}},"93":{"start":{"line":140,"column":521},"end":{"line":140,"column":572}},"94":{"start":{"line":140,"column":525},"end":{"line":140,"column":538}},"95":{"start":{"line":140,"column":548},"end":{"line":140,"column":571}},"96":{"start":{"line":140,"column":572},"end":{"line":140,"column":584}},"97":{"start":{"line":140,"column":587},"end":{"line":140,"column":878}},"98":{"start":{"line":140,"column":601},"end":{"line":140,"column":877}},"99":{"start":{"line":140,"column":605},"end":{"line":140,"column":682}},"100":{"start":{"line":140,"column":617},"end":{"line":140,"column":682}},"101":{"start":{"line":140,"column":682},"end":{"line":140,"column":811}},"102":{"start":{"line":140,"column":732},"end":{"line":140,"column":745}},"103":{"start":{"line":140,"column":745},"end":{"line":140,"column":810}},"104":{"start":{"line":140,"column":769},"end":{"line":140,"column":810}},"105":{"start":{"line":140,"column":811},"end":{"line":140,"column":852}},"106":{"start":{"line":140,"column":862},"end":{"line":140,"column":876}},"107":{"start":{"line":140,"column":878},"end":{"line":140,"column":934}},"108":{"start":{"line":140,"column":892},"end":{"line":140,"column":933}},"109":{"start":{"line":140,"column":934},"end":{"line":140,"column":1045}},"110":{"start":{"line":140,"column":947},"end":{"line":140,"column":1024}},"111":{"start":{"line":140,"column":992},"end":{"line":140,"column":1024}},"112":{"start":{"line":140,"column":1024},"end":{"line":140,"column":1044}},"113":{"start":{"line":140,"column":1045},"end":{"line":140,"column":1183}},"114":{"start":{"line":140,"column":1065},"end":{"line":140,"column":1182}},"115":{"start":{"line":140,"column":1183},"end":{"line":140,"column":1305}},"116":{"start":{"line":140,"column":1201},"end":{"line":140,"column":1210}},"117":{"start":{"line":140,"column":1210},"end":{"line":140,"column":1304}},"118":{"start":{"line":140,"column":1214},"end":{"line":140,"column":1272}},"119":{"start":{"line":140,"column":1228},"end":{"line":140,"column":1242}},"120":{"start":{"line":140,"column":1256},"end":{"line":140,"column":1270}},"121":{"start":{"line":140,"column":1282},"end":{"line":140,"column":1294}},"122":{"start":{"line":140,"column":1287},"end":{"line":140,"column":1294}},"123":{"start":{"line":140,"column":1294},"end":{"line":140,"column":1303}},"124":{"start":{"line":140,"column":1305},"end":{"line":140,"column":1491}},"125":{"start":{"line":140,"column":1385},"end":{"line":140,"column":1400}},"126":{"start":{"line":140,"column":1431},"end":{"line":140,"column":1489}},"127":{"start":{"line":140,"column":1491},"end":{"line":140,"column":2386}},"128":{"start":{"line":140,"column":1524},"end":{"line":140,"column":1548}},"129":{"start":{"line":140,"column":1581},"end":{"line":140,"column":1592}},"130":{"start":{"line":140,"column":1592},"end":{"line":140,"column":1645}},"131":{"start":{"line":140,"column":1619},"end":{"line":140,"column":1643}},"132":{"start":{"line":140,"column":1664},"end":{"line":140,"column":1759}},"133":{"start":{"line":140,"column":1759},"end":{"line":140,"column":2051}},"134":{"start":{"line":140,"column":1786},"end":{"line":140,"column":1973}},"135":{"start":{"line":140,"column":1802},"end":{"line":140,"column":1972}},"136":{"start":{"line":140,"column":1806},"end":{"line":140,"column":1937}},"137":{"start":{"line":140,"column":1856},"end":{"line":140,"column":1869}},"138":{"start":{"line":140,"column":1869},"end":{"line":140,"column":1936}},"139":{"start":{"line":140,"column":1893},"end":{"line":140,"column":1936}},"140":{"start":{"line":140,"column":1926},"end":{"line":140,"column":1932}},"141":{"start":{"line":140,"column":1937},"end":{"line":140,"column":1957}},"142":{"start":{"line":140,"column":1967},"end":{"line":140,"column":1971}},"143":{"start":{"line":140,"column":1973},"end":{"line":140,"column":2002}},"144":{"start":{"line":140,"column":1989},"end":{"line":140,"column":2002}},"145":{"start":{"line":140,"column":2002},"end":{"line":140,"column":2049}},"146":{"start":{"line":140,"column":2040},"end":{"line":140,"column":2049}},"147":{"start":{"line":140,"column":2075},"end":{"line":140,"column":2149}},"148":{"start":{"line":140,"column":2143},"end":{"line":140,"column":2147}},"149":{"start":{"line":140,"column":2172},"end":{"line":140,"column":2205}},"150":{"start":{"line":140,"column":2199},"end":{"line":140,"column":2203}},"151":{"start":{"line":140,"column":2226},"end":{"line":140,"column":2300}},"152":{"start":{"line":140,"column":2253},"end":{"line":140,"column":2298}},"153":{"start":{"line":140,"column":2284},"end":{"line":140,"column":2298}},"154":{"start":{"line":142,"column":4},"end":{"line":158,"column":6}},"155":{"start":{"line":143,"column":6},"end":{"line":157,"column":9}},"156":{"start":{"line":146,"column":8},"end":{"line":148,"column":9}},"157":{"start":{"line":147,"column":10},"end":{"line":147,"column":65}},"158":{"start":{"line":150,"column":8},"end":{"line":150,"column":77}},"159":{"start":{"line":151,"column":8},"end":{"line":151,"column":74}},"160":{"start":{"line":152,"column":8},"end":{"line":156,"column":9}},"161":{"start":{"line":153,"column":10},"end":{"line":153,"column":20}},"162":{"start":{"line":155,"column":10},"end":{"line":155,"column":53}},"163":{"start":{"line":160,"column":4},"end":{"line":170,"column":6}},"164":{"start":{"line":161,"column":6},"end":{"line":169,"column":9}},"165":{"start":{"line":162,"column":8},"end":{"line":162,"column":59}},"166":{"start":{"line":163,"column":8},"end":{"line":168,"column":9}},"167":{"start":{"line":164,"column":10},"end":{"line":164,"column":27}},"168":{"start":{"line":167,"column":10},"end":{"line":167,"column":53}},"169":{"start":{"line":173,"column":2},"end":{"line":173,"column":19}}},"branchMap":{"1":{"line":3,"type":"if","locations":[{"start":{"line":3,"column":4},"end":{"line":3,"column":4}},{"start":{"line":3,"column":4},"end":{"line":3,"column":4}}]},"2":{"line":4,"type":"if","locations":[{"start":{"line":4,"column":9},"end":{"line":4,"column":9}},{"start":{"line":4,"column":9},"end":{"line":4,"column":9}}]},"3":{"line":4,"type":"binary-expr","locations":[{"start":{"line":4,"column":13},"end":{"line":4,"column":41}},{"start":{"line":4,"column":45},"end":{"line":4,"column":75}}]},"4":{"line":7,"type":"if","locations":[{"start":{"line":7,"column":2},"end":{"line":7,"column":2}},{"start":{"line":7,"column":2},"end":{"line":7,"column":2}}]},"5":{"line":7,"type":"binary-expr","locations":[{"start":{"line":7,"column":6},"end":{"line":7,"column":37}},{"start":{"line":7,"column":41},"end":{"line":7,"column":67}}]},"6":{"line":21,"type":"if","locations":[{"start":{"line":21,"column":6},"end":{"line":21,"column":6}},{"start":{"line":21,"column":6},"end":{"line":21,"column":6}}]},"7":{"line":28,"type":"if","locations":[{"start":{"line":28,"column":6},"end":{"line":28,"column":6}},{"start":{"line":28,"column":6},"end":{"line":28,"column":6}}]},"8":{"line":40,"type":"if","locations":[{"start":{"line":40,"column":6},"end":{"line":40,"column":6}},{"start":{"line":40,"column":6},"end":{"line":40,"column":6}}]},"9":{"line":40,"type":"binary-expr","locations":[{"start":{"line":40,"column":10},"end":{"line":40,"column":47}},{"start":{"line":40,"column":51},"end":{"line":40,"column":66}}]},"10":{"line":66,"type":"if","locations":[{"start":{"line":66,"column":8},"end":{"line":66,"column":8}},{"start":{"line":66,"column":8},"end":{"line":66,"column":8}}]},"11":{"line":68,"type":"if","locations":[{"start":{"line":68,"column":15},"end":{"line":68,"column":15}},{"start":{"line":68,"column":15},"end":{"line":68,"column":15}}]},"12":{"line":76,"type":"if","locations":[{"start":{"line":76,"column":12},"end":{"line":76,"column":12}},{"start":{"line":76,"column":12},"end":{"line":76,"column":12}}]},"13":{"line":83,"type":"if","locations":[{"start":{"line":83,"column":14},"end":{"line":83,"column":14}},{"start":{"line":83,"column":14},"end":{"line":83,"column":14}}]},"14":{"line":107,"type":"if","locations":[{"start":{"line":107,"column":6},"end":{"line":107,"column":6}},{"start":{"line":107,"column":6},"end":{"line":107,"column":6}}]},"15":{"line":120,"type":"binary-expr","locations":[{"start":{"line":120,"column":20},"end":{"line":120,"column":28}},{"start":{"line":120,"column":32},"end":{"line":120,"column":44}}]},"16":{"line":122,"type":"if","locations":[{"start":{"line":122,"column":10},"end":{"line":122,"column":10}},{"start":{"line":122,"column":10},"end":{"line":122,"column":10}}]},"17":{"line":135,"type":"if","locations":[{"start":{"line":135,"column":2},"end":{"line":135,"column":2}},{"start":{"line":135,"column":2},"end":{"line":135,"column":2}}]},"18":{"line":135,"type":"binary-expr","locations":[{"start":{"line":135,"column":6},"end":{"line":135,"column":43}},{"start":{"line":136,"column":6},"end":{"line":136,"column":49}},{"start":{"line":137,"column":6},"end":{"line":137,"column":57}}]},"19":{"line":140,"type":"if","locations":[{"start":{"line":140,"column":87},"end":{"line":140,"column":87}},{"start":{"line":140,"column":87},"end":{"line":140,"column":87}}]},"20":{"line":140,"type":"if","locations":[{"start":{"line":140,"column":172},"end":{"line":140,"column":172}},{"start":{"line":140,"column":172},"end":{"line":140,"column":172}}]},"21":{"line":140,"type":"cond-expr","locations":[{"start":{"line":140,"column":363},"end":{"line":140,"column":391}},{"start":{"line":140,"column":392},"end":{"line":140,"column":586}}]},"22":{"line":140,"type":"cond-expr","locations":[{"start":{"line":140,"column":425},"end":{"line":140,"column":438}},{"start":{"line":140,"column":439},"end":{"line":140,"column":451}}]},"23":{"line":140,"type":"if","locations":[{"start":{"line":140,"column":452},"end":{"line":140,"column":452}},{"start":{"line":140,"column":452},"end":{"line":140,"column":452}}]},"24":{"line":140,"type":"cond-expr","locations":[{"start":{"line":140,"column":485},"end":{"line":140,"column":494}},{"start":{"line":140,"column":495},"end":{"line":140,"column":503}}]},"25":{"line":140,"type":"if","locations":[{"start":{"line":140,"column":605},"end":{"line":140,"column":605}},{"start":{"line":140,"column":605},"end":{"line":140,"column":605}}]},"26":{"line":140,"type":"if","locations":[{"start":{"line":140,"column":682},"end":{"line":140,"column":682}},{"start":{"line":140,"column":682},"end":{"line":140,"column":682}}]},"27":{"line":140,"type":"binary-expr","locations":[{"start":{"line":140,"column":685},"end":{"line":140,"column":686}},{"start":{"line":140,"column":689},"end":{"line":140,"column":707}},{"start":{"line":140,"column":709},"end":{"line":140,"column":729}}]},"28":{"line":140,"type":"if","locations":[{"start":{"line":140,"column":745},"end":{"line":140,"column":745}},{"start":{"line":140,"column":745},"end":{"line":140,"column":745}}]},"29":{"line":140,"type":"cond-expr","locations":[{"start":{"line":140,"column":1103},"end":{"line":140,"column":1104}},{"start":{"line":140,"column":1105},"end":{"line":140,"column":1109}}]},"30":{"line":140,"type":"cond-expr","locations":[{"start":{"line":140,"column":1147},"end":{"line":140,"column":1148}},{"start":{"line":140,"column":1149},"end":{"line":140,"column":1153}}]},"31":{"line":140,"type":"binary-expr","locations":[{"start":{"line":140,"column":1228},"end":{"line":140,"column":1229}},{"start":{"line":140,"column":1232},"end":{"line":140,"column":1241}}]},"32":{"line":140,"type":"binary-expr","locations":[{"start":{"line":140,"column":1256},"end":{"line":140,"column":1257}},{"start":{"line":140,"column":1260},"end":{"line":140,"column":1269}}]},"33":{"line":140,"type":"if","locations":[{"start":{"line":140,"column":1282},"end":{"line":140,"column":1282}},{"start":{"line":140,"column":1282},"end":{"line":140,"column":1282}}]},"34":{"line":140,"type":"binary-expr","locations":[{"start":{"line":140,"column":1311},"end":{"line":140,"column":1324}},{"start":{"line":140,"column":1326},"end":{"line":140,"column":1357}},{"start":{"line":140,"column":1359},"end":{"line":140,"column":1371}},{"start":{"line":140,"column":1373},"end":{"line":140,"column":1401}}]},"35":{"line":140,"type":"binary-expr","locations":[{"start":{"line":140,"column":1404},"end":{"line":140,"column":1417}},{"start":{"line":140,"column":1419},"end":{"line":140,"column":1490}}]},"36":{"line":140,"type":"cond-expr","locations":[{"start":{"line":140,"column":1735},"end":{"line":140,"column":1747}},{"start":{"line":140,"column":1748},"end":{"line":140,"column":1757}}]},"37":{"line":140,"type":"binary-expr","locations":[{"start":{"line":140,"column":1697},"end":{"line":140,"column":1717}},{"start":{"line":140,"column":1719},"end":{"line":140,"column":1734}}]},"38":{"line":140,"type":"if","locations":[{"start":{"line":140,"column":1806},"end":{"line":140,"column":1806}},{"start":{"line":140,"column":1806},"end":{"line":140,"column":1806}}]},"39":{"line":140,"type":"binary-expr","locations":[{"start":{"line":140,"column":1809},"end":{"line":140,"column":1810}},{"start":{"line":140,"column":1813},"end":{"line":140,"column":1831}},{"start":{"line":140,"column":1833},"end":{"line":140,"column":1853}}]},"40":{"line":140,"type":"if","locations":[{"start":{"line":140,"column":1869},"end":{"line":140,"column":1869}},{"start":{"line":140,"column":1869},"end":{"line":140,"column":1869}}]},"41":{"line":140,"type":"binary-expr","locations":[{"start":{"line":140,"column":1944},"end":{"line":140,"column":1951}},{"start":{"line":140,"column":1953},"end":{"line":140,"column":1957}}]},"42":{"line":140,"type":"if","locations":[{"start":{"line":140,"column":1973},"end":{"line":140,"column":1973}},{"start":{"line":140,"column":1973},"end":{"line":140,"column":1973}}]},"43":{"line":140,"type":"cond-expr","locations":[{"start":{"line":140,"column":2123},"end":{"line":140,"column":2124}},{"start":{"line":140,"column":2125},"end":{"line":140,"column":2149}}]},"44":{"line":140,"type":"binary-expr","locations":[{"start":{"line":140,"column":2082},"end":{"line":140,"column":2083}},{"start":{"line":140,"column":2085},"end":{"line":140,"column":2103}},{"start":{"line":140,"column":2105},"end":{"line":140,"column":2122}}]},"45":{"line":140,"type":"cond-expr","locations":[{"start":{"line":140,"column":2345},"end":{"line":140,"column":2361}},{"start":{"line":140,"column":2362},"end":{"line":140,"column":2386}}]},"46":{"line":140,"type":"binary-expr","locations":[{"start":{"line":140,"column":2302},"end":{"line":140,"column":2328}},{"start":{"line":140,"column":2330},"end":{"line":140,"column":2344}}]},"47":{"line":140,"type":"binary-expr","locations":[{"start":{"line":140,"column":2362},"end":{"line":140,"column":2371}},{"start":{"line":140,"column":2374},"end":{"line":140,"column":2385}}]},"48":{"line":146,"type":"if","locations":[{"start":{"line":146,"column":8},"end":{"line":146,"column":8}},{"start":{"line":146,"column":8},"end":{"line":146,"column":8}}]},"49":{"line":146,"type":"binary-expr","locations":[{"start":{"line":146,"column":12},"end":{"line":146,"column":36}},{"start":{"line":146,"column":40},"end":{"line":146,"column":63}}]},"50":{"line":150,"type":"cond-expr","locations":[{"start":{"line":150,"column":50},"end":{"line":150,"column":54}},{"start":{"line":150,"column":57},"end":{"line":150,"column":75}}]},"51":{"line":152,"type":"if","locations":[{"start":{"line":152,"column":8},"end":{"line":152,"column":8}},{"start":{"line":152,"column":8},"end":{"line":152,"column":8}}]},"52":{"line":163,"type":"if","locations":[{"start":{"line":163,"column":8},"end":{"line":163,"column":8}},{"start":{"line":163,"column":8},"end":{"line":163,"column":8}}]}},"code":["//  Import support https://stackoverflow.com/questions/13673346/supporting-both-commonjs-and-amd","(function(name, definition) {","    if (typeof module !== \"undefined\") { module.exports = definition(); }","    else if (typeof define === \"function\" && typeof define.amd === \"object\") { define(definition); }","    else { this[name] = definition(); }","}(\"clipboard\", function() {","  if (typeof document === 'undefined' || !document.addEventListener) {","    return null;","  }","","  var clipboard = {};","","  clipboard.copy = (function() {","    var _intercept = false;","    var _data = null; // Map from data type (e.g. \"text/html\") to value.","    var _bogusSelection = false;","","    function cleanup() {","      _intercept = false;","      _data = null;","      if (_bogusSelection) {","        window.getSelection().removeAllRanges();","      }","      _bogusSelection = false;","    }","","    document.addEventListener(\"copy\", function(e) {","      if (_intercept) {","        for (var key in _data) {","          e.clipboardData.setData(key, _data[key]);","        }","        e.preventDefault();","      }","    });","","    // Workaround for Safari: https://bugs.webkit.org/show_bug.cgi?id=156529","    function bogusSelect() {","      var sel = document.getSelection();","      // If \"nothing\" is selected...","      if (!document.queryCommandEnabled(\"copy\") && sel.isCollapsed) {","        // ... temporarily select the entire body.","        //","        // We select the entire body because:","        // - it's guaranteed to exist,","        // - it works (unlike, say, document.head, or phantom element that is","        //   not inserted into the DOM),","        // - it doesn't seem to flicker (due to the synchronous copy event), and","        // - it avoids modifying the DOM (can trigger mutation observers).","        //","        // Because we can't do proper feature detection (we already checked","        // document.queryCommandEnabled(\"copy\") , which actually gives a false","        // negative for Blink when nothing is selected) and UA sniffing is not","        // reliable (a lot of UA strings contain \"Safari\"), this will also","        // happen for some browsers other than Safari. :-()","        var range = document.createRange();","        range.selectNodeContents(document.body);","        sel.removeAllRanges();","        sel.addRange(range);","        _bogusSelection = true;","      }","    };","","    return function(data) {","      return new Promise(function(resolve, reject) {","        _intercept = true;","        if (typeof data === \"string\") {","          _data = {\"text/plain\": data};","        } else if (data instanceof Node) {","          _data = {\"text/html\": new XMLSerializer().serializeToString(data)};","        } else {","          _data = data;","        }","","        function triggerCopy(tryBogusSelect) {","          try {","            if (document.execCommand(\"copy\")) {","              // document.execCommand is synchronous: http://www.w3.org/TR/2015/WD-clipboard-apis-20150421/#integration-with-rich-text-editing-apis","              // So we can call resolve() back here.","              cleanup();","              resolve();","            }","            else {","              if (!tryBogusSelect) {","                bogusSelect();","                triggerCopy(true);","              } else {","                throw new Error(\"Unable to copy. Perhaps it's not available in your browser?\");","              }","            }","          } catch (e) {","            cleanup();","            reject(e);","          }","        }","        triggerCopy(false);","","      });","    };","  })();","","  clipboard.paste = (function() {","    var _intercept = false;","    var _resolve;","    var _dataType;","","    document.addEventListener(\"paste\", function(e) {","      if (_intercept) {","        _intercept = false;","        e.preventDefault();","        var resolve = _resolve;","        _resolve = null;","        resolve(e.clipboardData.getData(_dataType));","      }","    });","","    return function(dataType) {","      return new Promise(function(resolve, reject) {","        _intercept = true;","        _resolve = resolve;","        _dataType = dataType || \"text/plain\";","        try {","          if (!document.execCommand(\"paste\")) {","            _intercept = false;","            reject(new Error(\"Unable to paste. Pasting only works in Internet Explorer at the moment.\"));","          }","        } catch (e) {","          _intercept = false;","          reject(new Error(e));","        }","      });","    };","  })();","","  // Handle IE behaviour.","  if (typeof ClipboardEvent === \"undefined\" &&","      typeof window.clipboardData !== \"undefined\" &&","      typeof window.clipboardData.setData !== \"undefined\") {","","    /*! promise-polyfill 2.0.1 */","    (function(a){function b(a,b){return function(){a.apply(b,arguments)}}function c(a){if(\"object\"!=typeof this)throw new TypeError(\"Promises must be constructed via new\");if(\"function\"!=typeof a)throw new TypeError(\"not a function\");this._state=null,this._value=null,this._deferreds=[],i(a,b(e,this),b(f,this))}function d(a){var b=this;return null===this._state?void this._deferreds.push(a):void j(function(){var c=b._state?a.onFulfilled:a.onRejected;if(null===c)return void(b._state?a.resolve:a.reject)(b._value);var d;try{d=c(b._value)}catch(e){return void a.reject(e)}a.resolve(d)})}function e(a){try{if(a===this)throw new TypeError(\"A promise cannot be resolved with itself.\");if(a&&(\"object\"==typeof a||\"function\"==typeof a)){var c=a.then;if(\"function\"==typeof c)return void i(b(c,a),b(e,this),b(f,this))}this._state=!0,this._value=a,g.call(this)}catch(d){f.call(this,d)}}function f(a){this._state=!1,this._value=a,g.call(this)}function g(){for(var a=0,b=this._deferreds.length;b>a;a++)d.call(this,this._deferreds[a]);this._deferreds=null}function h(a,b,c,d){this.onFulfilled=\"function\"==typeof a?a:null,this.onRejected=\"function\"==typeof b?b:null,this.resolve=c,this.reject=d}function i(a,b,c){var d=!1;try{a(function(a){d||(d=!0,b(a))},function(a){d||(d=!0,c(a))})}catch(e){if(d)return;d=!0,c(e)}}var j=c.immediateFn||\"function\"==typeof setImmediate&&setImmediate||function(a){setTimeout(a,1)},k=Array.isArray||function(a){return\"[object Array]\"===Object.prototype.toString.call(a)};c.prototype[\"catch\"]=function(a){return this.then(null,a)},c.prototype.then=function(a,b){var e=this;return new c(function(c,f){d.call(e,new h(a,b,c,f))})},c.all=function(){var a=Array.prototype.slice.call(1===arguments.length&&k(arguments[0])?arguments[0]:arguments);return new c(function(b,c){function d(f,g){try{if(g&&(\"object\"==typeof g||\"function\"==typeof g)){var h=g.then;if(\"function\"==typeof h)return void h.call(g,function(a){d(f,a)},c)}a[f]=g,0===--e&&b(a)}catch(i){c(i)}}if(0===a.length)return b([]);for(var e=a.length,f=0;f<a.length;f++)d(f,a[f])})},c.resolve=function(a){return a&&\"object\"==typeof a&&a.constructor===c?a:new c(function(b){b(a)})},c.reject=function(a){return new c(function(b,c){c(a)})},c.race=function(a){return new c(function(b,c){for(var d=0,e=a.length;e>d;d++)a[d].then(b,c)})},\"undefined\"!=typeof module&&module.exports?module.exports=c:a.Promise||(a.Promise=c)})(this);","","    clipboard.copy = function(data) {","      return new Promise(function(resolve, reject) {","        // IE supports string and URL types: https://msdn.microsoft.com/en-us/library/ms536744(v=vs.85).aspx","        // We only support the string type for now.","        if (typeof data !== \"string\" && !(\"text/plain\" in data)) {","          throw new Error(\"You must provide a text/plain type.\");","        }","","        var strData = (typeof data === \"string\" ? data : data[\"text/plain\"]);","        var copySucceeded = window.clipboardData.setData(\"Text\", strData);","        if (copySucceeded) {","          resolve();","        } else {","          reject(new Error(\"Copying was rejected.\"));","        }","      });","    };","","    clipboard.paste = function() {","      return new Promise(function(resolve, reject) {","        var strData = window.clipboardData.getData(\"Text\");","        if (strData) {","          resolve(strData);","        } else {","          // The user rejected the paste request.","          reject(new Error(\"Pasting was rejected.\"));","        }","      });","    };","  }","","  return clipboard;","}));",""],"l":{"2":1,"3":1,"4":0,"5":0,"7":1,"8":1,"11":0,"13":0,"14":0,"15":0,"16":0,"18":1,"19":0,"20":0,"21":0,"22":0,"24":0,"27":0,"28":0,"29":0,"30":0,"32":0,"37":1,"38":0,"40":0,"55":0,"56":0,"57":0,"58":0,"59":0,"63":0,"64":0,"65":0,"66":0,"67":0,"68":0,"69":0,"71":0,"74":1,"75":0,"76":0,"79":0,"80":0,"83":0,"84":0,"85":0,"87":0,"91":0,"92":0,"95":0,"101":0,"102":0,"103":0,"104":0,"106":0,"107":0,"108":0,"109":0,"110":0,"111":0,"112":0,"116":0,"117":0,"118":0,"119":0,"120":0,"121":0,"122":0,"123":0,"124":0,"127":0,"128":0,"135":0,"140":1,"142":0,"143":0,"146":0,"147":0,"150":0,"151":0,"152":0,"153":0,"155":0,"160":0,"161":0,"162":0,"163":0,"164":0,"167":0,"173":0}}}